<?xml version="1.0" encoding="UTF-8"?>
<!-- Generated by org.testng.reporters.JUnitXMLReporter -->
<testsuite ignored="0" hostname="TYSS-Piyush-Baldaniya" failures="1" tests="1" name="TestThread3" time="0.006" errors="0" timestamp="2025-10-13T15:42:29 IST">
  <testcase classname="types_of_execution.Demo3" name="case3" time="0.0">
    <failure type="org.testng.TestNGException" message="
Parameter &amp;apos;bro&amp;apos; is required by @Test on method case3 but has not been marked @Optional or defined
in C:\Users\User\git\vtiger-a12\vtiger-crm-fw-a12\parallelDemo.xml">
      <![CDATA[org.testng.TestNGException: 
Parameter 'bro' is required by @Test on method case3 but has not been marked @Optional or defined
in C:\Users\User\git\vtiger-a12\vtiger-crm-fw-a12\parallelDemo.xml
at java.base/java.util.ArrayList.forEach(ArrayList.java:1597)
... Removed 26 stack frames]]>
    </failure>
  </testcase> <!-- case3 -->
</testsuite> <!-- TestThread3 -->
